#
# A fatal error has been detected by the Java Runtime Environment:
#
#  EXCEPTION_ACCESS_VIOLATION (0xc0000005) at pc=0x0000000056e4f857, pid=19336, tid=0x0000000000005858
#
# JRE version: Java(TM) SE Runtime Environment (8.0_181-b13) (build 1.8.0_181-b13)
# Java VM: Java HotSpot(TM) 64-Bit Server VM (25.181-b13 mixed mode windows-amd64 compressed oops)
# Problematic frame:
# V  [jvm.dll+0x14f857]
#
# Failed to write core dump. Minidumps are not enabled by default on client versions of Windows
#
# If you would like to submit a bug report, please visit:
#   http://bugreport.java.com/bugreport/crash.jsp
#

---------------  T H R E A D  ---------------

Current thread (0x00000000196f3000):  JavaThread "Thread-2" [_thread_in_vm, id=22616, stack(0x000000001c8e0000,0x000000001c9e0000)]

siginfo: ExceptionCode=0xc0000005, reading address 0x0000000000000000

Registers:
RAX=0x0000000000000000, RBX=0x00000000196f3000, RCX=0x0000000000000300, RDX=0x00000000198e8600
RSP=0x000000001c9ded80, RBP=0x000000001c9dee78, RSI=0x00000000198e8600, RDI=0x00000000196f31f8
R8 =0x0000000000000000, R9 =0x000000005ba71dfe, R10=0x00000000574a6eb0, R11=0x0000000000000246
R12=0x000000001c9def58, R13=0x0000000000000800, R14=0x000000001c5e0094, R15=0x0000000000000011
RIP=0x0000000056e4f857, EFLAGS=0x0000000000010246

Top of Stack: (sp=0x000000001c9ded80)
0x000000001c9ded80:   00000000196f3000 00007ffecd722b36
0x000000001c9ded90:   0000000000000102 0000000056e15bc9
0x000000001c9deda0:   00000000196f3000 0000000056e0d1c6
0x000000001c9dedb0:   0000000100066520 000000001c5e0080
0x000000001c9dedc0:   000000000003e800 000000000000000e
0x000000001c9dedd0:   00000000196f3000 00000000196f3000
0x000000001c9dede0:   0000000000000000 0000000000000005
0x000000001c9dedf0:   00000000d6bee868 0000000000000000
0x000000001c9dee00:   00000000196f3000 0000000056e3f509
0x000000001c9dee10:   00000000d6bee868 0000000100066520
0x000000001c9dee20:   00000000196f31f8 00000000196f3000
0x000000001c9dee30:   00000000196f3000 0000000000000011
0x000000001c9dee40:   00000000196f31f8 00007ffeba694460
0x000000001c9dee50:   000000000000001f 00007ffeba672741
0x000000001c9dee60:   000000000000001f 00007ffeba694460
0x000000001c9dee70:   0000000000000000 000000005ba71dfe 

Instructions: (pc=0x0000000056e4f857)
0x0000000056e4f837:   4c 24 58 e8 d1 e0 12 00 48 8b 84 24 f0 00 00 00
0x0000000056e4f847:   c7 44 24 48 0e 00 00 00 48 8d ac 24 f8 00 00 00
0x0000000056e4f857:   48 8b 08 48 89 6c 24 40 48 8b 51 08 48 8d 4c 24
0x0000000056e4f867:   78 0f b7 42 24 48 8b 52 08 48 8b 54 c2 50 e8 76 


Register to memory mapping:

RAX=0x0000000000000000 is an unknown value
RBX=0x00000000196f3000 is a thread
RCX=0x0000000000000300 is an unknown value
RDX=0x00000000198e8600 is an unknown value
RSP=0x000000001c9ded80 is pointing into the stack for thread: 0x00000000196f3000
RBP=0x000000001c9dee78 is pointing into the stack for thread: 0x00000000196f3000
RSI=0x00000000198e8600 is an unknown value
RDI=0x00000000196f31f8 is an unknown value
R8 =0x0000000000000000 is an unknown value
R9 =0x000000005ba71dfe is an unknown value
R10=0x00000000574a6eb0 is an unknown value
R11=0x0000000000000246 is an unknown value
R12=0x000000001c9def58 is pointing into the stack for thread: 0x00000000196f3000
R13=0x0000000000000800 is an unknown value
R14=0x000000001c5e0094 is an unknown value
R15=0x0000000000000011 is an unknown value


Stack: [0x000000001c8e0000,0x000000001c9e0000],  sp=0x000000001c9ded80,  free space=1019k
Native frames: (J=compiled Java code, j=interpreted, Vv=VM code, C=native code)
V  [jvm.dll+0x14f857]
C  [Jpcap.dll+0x2741]
C  [Jpcap.dll+0x1e48]
C  0x0000000002a48c67

Java frames: (J=compiled Java code, j=interpreted, Vv=VM code)
j  jpcap.JpcapCaptor.getPacket()Ljpcap/packet/Packet;+0
j  GUI.Ventanas.AnalizadorPaquetes$1.construct()Ljava/lang/Object;+53
j  CapturaPaquetes.jpcap_thread$2.run()V+8
j  java.lang.Thread.run()V+11
v  ~StubRoutines::call_stub

---------------  P R O C E S S  ---------------

Java Threads: ( => current thread )
=>0x00000000196f3000 JavaThread "Thread-2" [_thread_in_vm, id=22616, stack(0x000000001c8e0000,0x000000001c9e0000)]
  0x0000000019902800 JavaThread "TimerQueue" daemon [_thread_blocked, id=10496, stack(0x000000001c740000,0x000000001c840000)]
  0x0000000000b8e800 JavaThread "DestroyJavaVM" [_thread_blocked, id=13372, stack(0x0000000002730000,0x0000000002830000)]
  0x000000001916b800 JavaThread "AWT-EventQueue-0" [_thread_blocked, id=5256, stack(0x000000001a020000,0x000000001a120000)]
  0x0000000019153000 JavaThread "AWT-Windows" daemon [_thread_in_native, id=8748, stack(0x0000000019ed0000,0x0000000019fd0000)]
  0x0000000019513000 JavaThread "AWT-Shutdown" [_thread_blocked, id=5436, stack(0x0000000019dd0000,0x0000000019ed0000)]
  0x000000001914f000 JavaThread "Java2D Disposer" daemon [_thread_blocked, id=6764, stack(0x0000000019cd0000,0x0000000019dd0000)]
  0x0000000018dc8800 JavaThread "Service Thread" daemon [_thread_blocked, id=14188, stack(0x0000000019190000,0x0000000019290000)]
  0x0000000017530800 JavaThread "C1 CompilerThread2" daemon [_thread_blocked, id=10144, stack(0x0000000018c90000,0x0000000018d90000)]
  0x000000001751e800 JavaThread "C2 CompilerThread1" daemon [_thread_blocked, id=14340, stack(0x0000000018b90000,0x0000000018c90000)]
  0x000000001751b800 JavaThread "C2 CompilerThread0" daemon [_thread_blocked, id=14472, stack(0x0000000018a90000,0x0000000018b90000)]
  0x0000000017529000 JavaThread "Attach Listener" daemon [_thread_blocked, id=21344, stack(0x0000000018990000,0x0000000018a90000)]
  0x0000000017527800 JavaThread "Signal Dispatcher" daemon [_thread_blocked, id=22680, stack(0x0000000018890000,0x0000000018990000)]
  0x0000000002a2b000 JavaThread "Finalizer" daemon [_thread_blocked, id=3592, stack(0x0000000018780000,0x0000000018880000)]
  0x0000000002a22000 JavaThread "Reference Handler" daemon [_thread_blocked, id=11716, stack(0x0000000018680000,0x0000000018780000)]

Other Threads:
  0x00000000174e7800 VMThread [stack: 0x0000000018580000,0x0000000018680000] [id=17780]
  0x000000001757e800 WatcherThread [stack: 0x0000000019290000,0x0000000019390000] [id=2756]

VM state:not at safepoint (normal execution)

VM Mutex/Monitor currently owned by a thread: None

Heap:
 PSYoungGen      total 37888K, used 13371K [0x00000000d6000000, 0x00000000d8a00000, 0x0000000100000000)
  eden space 32768K, 40% used [0x00000000d6000000,0x00000000d6d0eec0,0x00000000d8000000)
  from space 5120K, 0% used [0x00000000d8500000,0x00000000d8500000,0x00000000d8a00000)
  to   space 5120K, 0% used [0x00000000d8000000,0x00000000d8000000,0x00000000d8500000)
 ParOldGen       total 86016K, used 0K [0x0000000082000000, 0x0000000087400000, 0x00000000d6000000)
  object space 86016K, 0% used [0x0000000082000000,0x0000000082000000,0x0000000087400000)
 Metaspace       used 13327K, capacity 13566K, committed 13696K, reserved 1060864K
  class space    used 1802K, capacity 1875K, committed 1920K, reserved 1048576K

Card table byte_map: [0x0000000011df0000,0x00000000121f0000] byte_map_base: 0x00000000119e0000

Marking Bits: (ParMarkBitMap*) 0x0000000057522d00
 Begin Bits: [0x0000000012890000, 0x0000000014810000)
 End Bits:   [0x0000000014810000, 0x0000000016790000)

Polling page: 0x0000000000b50000

CodeCache: size=245760Kb used=3228Kb max_used=3228Kb free=242531Kb
 bounds [0x0000000002a30000, 0x0000000002d60000, 0x0000000011a30000]
 total_blobs=1448 nmethods=951 adapters=409
 compilation: enabled

Compilation events (10 events):
Event: 4.214 Thread 0x0000000017530800  945       3       sun.awt.SunToolkit::targetToPeer (20 bytes)
Event: 4.216 Thread 0x0000000017530800 nmethod 945 0x0000000002d54f10 code [0x0000000002d550e0, 0x0000000002d55818]
Event: 4.225 Thread 0x0000000017530800  948       3       sun.awt.windows.WObjectPeer::getPeerForTarget (10 bytes)
Event: 4.227 Thread 0x0000000017530800 nmethod 948 0x0000000002d55a10 code [0x0000000002d55be0, 0x0000000002d564b8]
Event: 4.231 Thread 0x0000000017530800  949       3       java.awt.EventQueue::noEvents (29 bytes)
Event: 4.232 Thread 0x0000000017530800 nmethod 949 0x0000000002d56810 code [0x0000000002d56980, 0x0000000002d56bf0]
Event: 4.239 Thread 0x0000000017530800  950   !   3       sun.awt.AWTAutoShutdown::notifyThreadBusy (88 bytes)
Event: 4.241 Thread 0x0000000017530800 nmethod 950 0x0000000002d56d10 code [0x0000000002d56ec0, 0x0000000002d57658]
Event: 4.241 Thread 0x0000000017530800  951       1       java.awt.event.MouseEvent::isPopupTrigger (5 bytes)
Event: 4.241 Thread 0x0000000017530800 nmethod 951 0x0000000002d579d0 code [0x0000000002d57b20, 0x0000000002d57c30]

GC Heap History (0 events):
No events

Deoptimization events (7 events):
Event: 0.293 Thread 0x0000000000b8e800 Uncommon trap: reason=null_check action=make_not_entrant pc=0x0000000002b9f714 method=java.lang.String.equals(Ljava/lang/Object;)Z @ 8
Event: 1.852 Thread 0x000000001916b800 Uncommon trap: reason=class_check action=maybe_recompile pc=0x0000000002bbb260 method=java.lang.String.equals(Ljava/lang/Object;)Z @ 8
Event: 1.854 Thread 0x000000001916b800 Uncommon trap: reason=class_check action=maybe_recompile pc=0x0000000002bbb260 method=java.lang.String.equals(Ljava/lang/Object;)Z @ 8
Event: 1.854 Thread 0x000000001916b800 Uncommon trap: reason=class_check action=maybe_recompile pc=0x0000000002bbb260 method=java.lang.String.equals(Ljava/lang/Object;)Z @ 8
Event: 1.861 Thread 0x000000001916b800 Uncommon trap: reason=class_check action=maybe_recompile pc=0x0000000002bbb260 method=java.lang.String.equals(Ljava/lang/Object;)Z @ 8
Event: 2.206 Thread 0x000000001916b800 Uncommon trap: reason=unstable_if action=reinterpret pc=0x0000000002c2b0bc method=java.awt.MultipleGradientPaintContext.indexIntoGradientsArrays(F)I @ 93
Event: 2.220 Thread 0x000000001916b800 Uncommon trap: reason=unstable_if action=reinterpret pc=0x0000000002cd43ec method=java.awt.MultipleGradientPaintContext.indexIntoGradientsArrays(F)I @ 13

Classes redefined (0 events):
No events

Internal exceptions (10 events):
Event: 0.351 Thread 0x0000000000b8e800 Exception <a 'java/lang/ClassNotFoundException': ToggleButton> (0x00000000d6410b70) thrown at [C:\re\workspace\8-2-build-windows-amd64-cygwin\jdk8u181\11358\hotspot\src\share\vm\classfile\systemDictionary.cpp, line 210]
Event: 0.351 Thread 0x0000000000b8e800 Exception <a 'java/lang/ClassNotFoundException': javax/swing/JToolBarSeparator> (0x00000000d6410fd0) thrown at [C:\re\workspace\8-2-build-windows-amd64-cygwin\jdk8u181\11358\hotspot\src\share\vm\classfile\systemDictionary.cpp, line 210]
Event: 0.351 Thread 0x0000000000b8e800 Exception <a 'java/lang/ClassNotFoundException': ToolBarSeparator> (0x00000000d6411468) thrown at [C:\re\workspace\8-2-build-windows-amd64-cygwin\jdk8u181\11358\hotspot\src\share\vm\classfile\systemDictionary.cpp, line 210]
Event: 0.351 Thread 0x0000000000b8e800 Exception <a 'java/lang/ClassNotFoundException': ToolTip> (0x00000000d6411ba8) thrown at [C:\re\workspace\8-2-build-windows-amd64-cygwin\jdk8u181\11358\hotspot\src\share\vm\classfile\systemDictionary.cpp, line 210]
Event: 0.353 Thread 0x0000000000b8e800 Exception <a 'java/lang/ClassNotFoundException': Tree> (0x00000000d64127c8) thrown at [C:\re\workspace\8-2-build-windows-amd64-cygwin\jdk8u181\11358\hotspot\src\share\vm\classfile\systemDictionary.cpp, line 210]
Event: 0.353 Thread 0x0000000000b8e800 Exception <a 'java/lang/ClassNotFoundException': Tree> (0x00000000d6412f08) thrown at [C:\re\workspace\8-2-build-windows-amd64-cygwin\jdk8u181\11358\hotspot\src\share\vm\classfile\systemDictionary.cpp, line 210]
Event: 0.353 Thread 0x0000000000b8e800 Exception <a 'java/lang/ClassNotFoundException': javax/swing/JTreeCell> (0x00000000d6413288) thrown at [C:\re\workspace\8-2-build-windows-amd64-cygwin\jdk8u181\11358\hotspot\src\share\vm\classfile\systemDictionary.cpp, line 210]
Event: 0.353 Thread 0x0000000000b8e800 Exception <a 'java/lang/ClassNotFoundException': TreeCell> (0x00000000d6413710) thrown at [C:\re\workspace\8-2-build-windows-amd64-cygwin\jdk8u181\11358\hotspot\src\share\vm\classfile\systemDictionary.cpp, line 210]
Event: 0.353 Thread 0x0000000000b8e800 Exception <a 'java/lang/ClassNotFoundException': RootPane> (0x00000000d6414170) thrown at [C:\re\workspace\8-2-build-windows-amd64-cygwin\jdk8u181\11358\hotspot\src\share\vm\classfile\systemDictionary.cpp, line 210]
Event: 3.964 Thread 0x00000000196f3000 Exception <a 'java/lang/NoSuchMethodError': setPacketValue> (0x00000000d6be9920) thrown at [C:\re\workspace\8-2-build-windows-amd64-cygwin\jdk8u181\11358\hotspot\src\share\vm\prims\jni.cpp, line 1581]

Events (10 events):
Event: 3.964 loading class java/lang/Throwable$WrappedPrintStream
Event: 3.964 loading class java/lang/Throwable$PrintStreamOrWriter
Event: 3.964 loading class java/lang/Throwable$PrintStreamOrWriter done
Event: 3.964 loading class java/lang/Throwable$WrappedPrintStream done
Event: 3.982 loading class CapturaPaquetes/PacketContents
Event: 3.982 loading class CapturaPaquetes/PacketContents done
Event: 4.054 loading class javax/swing/Timer$1
Event: 4.055 loading class javax/swing/Timer$1 done
Event: 4.167 Executing VM operation: EnableBiasedLocking
Event: 4.168 Executing VM operation: EnableBiasedLocking done


Dynamic libraries:
0x00007ff7d1870000 - 0x00007ff7d18a7000 	C:\Program Files\Java\jdk1.8.0_181\bin\java.exe
0x00007ffed0810000 - 0x00007ffed09f1000 	C:\WINDOWS\SYSTEM32\ntdll.dll
0x00007ffecf6b0000 - 0x00007ffecf762000 	C:\WINDOWS\System32\KERNEL32.DLL
0x00007ffecd6f0000 - 0x00007ffecd963000 	C:\WINDOWS\System32\KERNELBASE.dll
0x00007ffecdca0000 - 0x00007ffecdd41000 	C:\WINDOWS\System32\ADVAPI32.dll
0x00007ffece1d0000 - 0x00007ffece26e000 	C:\WINDOWS\System32\msvcrt.dll
0x00007ffece170000 - 0x00007ffece1cb000 	C:\WINDOWS\System32\sechost.dll
0x00007ffece040000 - 0x00007ffece164000 	C:\WINDOWS\System32\RPCRT4.dll
0x00007ffed05a0000 - 0x00007ffed0730000 	C:\WINDOWS\System32\USER32.dll
0x00007ffeccbe0000 - 0x00007ffeccc00000 	C:\WINDOWS\System32\win32u.dll
0x00007ffecde70000 - 0x00007ffecde98000 	C:\WINDOWS\System32\GDI32.dll
0x00007ffecd360000 - 0x00007ffecd4f2000 	C:\WINDOWS\System32\gdi32full.dll
0x00007ffecda70000 - 0x00007ffecdb0f000 	C:\WINDOWS\System32\msvcp_win.dll
0x00007ffecd970000 - 0x00007ffecda6a000 	C:\WINDOWS\System32\ucrtbase.dll
0x00007ffeac490000 - 0x00007ffeac6f9000 	C:\WINDOWS\WinSxS\amd64_microsoft.windows.common-controls_6595b64144ccf1df_6.0.17134.286_none_fb43982d306480cc\COMCTL32.dll
0x00007ffecfb90000 - 0x00007ffecfeb3000 	C:\WINDOWS\System32\combase.dll
0x00007ffecdb70000 - 0x00007ffecdbea000 	C:\WINDOWS\System32\bcryptPrimitives.dll
0x00007ffed07b0000 - 0x00007ffed07dd000 	C:\WINDOWS\System32\IMM32.DLL
0x0000000058460000 - 0x0000000058532000 	C:\Program Files\Java\jdk1.8.0_181\jre\bin\msvcr100.dll
0x0000000056d00000 - 0x00000000575a2000 	C:\Program Files\Java\jdk1.8.0_181\jre\bin\server\jvm.dll
0x00007ffecdd70000 - 0x00007ffecdd78000 	C:\WINDOWS\System32\PSAPI.DLL
0x00007ffeb7aa0000 - 0x00007ffeb7aa9000 	C:\WINDOWS\SYSTEM32\WSOCK32.dll
0x00007ffed0730000 - 0x00007ffed079c000 	C:\WINDOWS\System32\WS2_32.dll
0x00007ffec8890000 - 0x00007ffec88b3000 	C:\WINDOWS\SYSTEM32\WINMM.dll
0x00007ffec33a0000 - 0x00007ffec33aa000 	C:\WINDOWS\SYSTEM32\VERSION.dll
0x00007ffec8860000 - 0x00007ffec888a000 	C:\WINDOWS\SYSTEM32\WINMMBASE.dll
0x00007ffecd310000 - 0x00007ffecd359000 	C:\WINDOWS\System32\cfgmgr32.dll
0x0000000058410000 - 0x000000005841f000 	C:\Program Files\Java\jdk1.8.0_181\jre\bin\verify.dll
0x00000000583e0000 - 0x0000000058409000 	C:\Program Files\Java\jdk1.8.0_181\jre\bin\java.dll
0x00000000583c0000 - 0x00000000583d6000 	C:\Program Files\Java\jdk1.8.0_181\jre\bin\zip.dll
0x00007ffece270000 - 0x00007ffecf6b0000 	C:\WINDOWS\System32\SHELL32.dll
0x00007ffecf7d0000 - 0x00007ffecf879000 	C:\WINDOWS\System32\shcore.dll
0x00007ffeccc00000 - 0x00007ffecd30d000 	C:\WINDOWS\System32\windows.storage.dll
0x00007ffecfab0000 - 0x00007ffecfb01000 	C:\WINDOWS\System32\shlwapi.dll
0x00007ffeccbc0000 - 0x00007ffeccbd1000 	C:\WINDOWS\System32\kernel.appcore.dll
0x00007ffeccb30000 - 0x00007ffeccb4f000 	C:\WINDOWS\System32\profapi.dll
0x00007ffeccb50000 - 0x00007ffeccb9c000 	C:\WINDOWS\System32\powrprof.dll
0x00007ffeccb20000 - 0x00007ffeccb2a000 	C:\WINDOWS\System32\FLTLIB.DLL
0x0000000056b60000 - 0x0000000056cf9000 	C:\Program Files\Java\jdk1.8.0_181\jre\bin\awt.dll
0x00007ffed04d0000 - 0x00007ffed0592000 	C:\WINDOWS\System32\OLEAUT32.dll
0x00007ffec8300000 - 0x00007ffec838b000 	C:\WINDOWS\SYSTEM32\apphelp.dll
0x00007ffecac90000 - 0x00007ffecad28000 	C:\WINDOWS\system32\uxtheme.dll
0x00007ffecf880000 - 0x00007ffecf9f5000 	C:\WINDOWS\System32\MSCTF.dll
0x00007ffecaee0000 - 0x00007ffecaf09000 	C:\WINDOWS\system32\dwmapi.dll
0x00007ffecfec0000 - 0x00007ffed0011000 	C:\WINDOWS\System32\ole32.dll
0x0000000058330000 - 0x0000000058377000 	C:\Program Files\Java\jdk1.8.0_181\jre\bin\fontmanager.dll
0x00007ffebaad0000 - 0x00007ffebabf0000 	C:\WINDOWS\system32\opengl32.dll
0x00007ffec84e0000 - 0x00007ffec850c000 	C:\WINDOWS\SYSTEM32\GLU32.dll
0x00000000583a0000 - 0x00000000583ba000 	C:\Program Files\Java\jdk1.8.0_181\jre\bin\net.dll
0x00007ffecc340000 - 0x00007ffecc3a6000 	C:\WINDOWS\system32\mswsock.dll
0x0000000058380000 - 0x0000000058391000 	C:\Program Files\Java\jdk1.8.0_181\jre\bin\nio.dll
0x0000000057cc0000 - 0x0000000057d02000 	C:\Program Files\Java\jdk1.8.0_181\jre\bin\t2k.dll
0x00007ffeba810000 - 0x00007ffeba8a7000 	C:\WINDOWS\System32\TextInputFramework.dll
0x00007ffec5260000 - 0x00007ffec557e000 	C:\WINDOWS\System32\CoreUIComponents.dll
0x00007ffec7980000 - 0x00007ffec7a5a000 	C:\WINDOWS\System32\CoreMessaging.dll
0x00007ffecbc10000 - 0x00007ffecbc41000 	C:\WINDOWS\SYSTEM32\ntmarta.dll
0x00007ffec98a0000 - 0x00007ffec99ed000 	C:\WINDOWS\SYSTEM32\wintypes.dll
0x00000000582f0000 - 0x000000005831a000 	C:\Program Files\Java\jdk1.8.0_181\jre\bin\dcpr.dll
0x00007ffeba670000 - 0x00007ffeba6a9000 	C:\Program Files\Java\jdk1.8.0_181\jre\bin\Jpcap.dll
0x00007ffecc0c0000 - 0x00007ffecc0f8000 	C:\WINDOWS\SYSTEM32\IPHLPAPI.DLL
0x0000000180000000 - 0x0000000180065000 	C:\WINDOWS\SYSTEM32\wpcap.dll
0x000000001a130000 - 0x000000001a14f000 	C:\WINDOWS\SYSTEM32\packet.dll
0x00007ffecfa00000 - 0x00007ffecfa08000 	C:\WINDOWS\System32\NSI.dll
0x00007ffec5190000 - 0x00007ffec51a6000 	C:\WINDOWS\SYSTEM32\dhcpcsvc6.DLL
0x00007ffec6110000 - 0x00007ffec612a000 	C:\WINDOWS\SYSTEM32\dhcpcsvc.DLL
0x00007ffecb530000 - 0x00007ffecb6f9000 	C:\WINDOWS\SYSTEM32\dbghelp.dll

VM Arguments:
jvm_args: -Dfile.encoding=UTF-8 
java_command: GUI.Ventanas.Inicio
java_class_path (initial): D:\Adrian\Dropbox\Asignaturas\Comunicaciones y redes\Proyecto 1\Proyecto1\libraries\trident-6.3.jar;D:\Adrian\Dropbox\Asignaturas\Comunicaciones y redes\Proyecto 1\Proyecto1\libraries\jacob.jar;D:\Adrian\Dropbox\Asignaturas\Comunicaciones y redes\Proyecto 1\Proyecto1\libraries\jpcap.jar;D:\Adrian\Dropbox\Asignaturas\Comunicaciones y redes\Proyecto 1\Proyecto1\build\classes
Launcher Type: SUN_STANDARD

Environment Variables:
PATH=C:\Program Files (x86)\Common Files\Oracle\Java\javapath;C:\gurobi801\win64\bin;C:\oraclexe\app\oracle\product\11.2.0\server\bin;C:\ProgramData\Oracle\Java\javapath;C:\Program Files (x86)\Intel\iCLS Client\;C:\Program Files\Intel\iCLS Client\;C:\WINDOWS\system32;C:\WINDOWS;C:\WINDOWS\System32\Wbem;C:\WINDOWS\System32\WindowsPowerShell\v1.0\;C:\Program Files (x86)\Intel\Intel(R) Management Engine Components\DAL;C:\Program Files\Intel\Intel(R) Management Engine Components\DAL;C:\Program Files (x86)\Intel\Intel(R) Management Engine Components\IPT;C:\Program Files\Intel\Intel(R) Management Engine Components\IPT;C:\Program Files (x86)\CodeBlocks\MinGW\bin;C:\WINDOWS\System32\OpenSSH\;C:\Program Files\Git\cmd;C:\Program Files\Git\mingw64\bin;C:\Program Files\Git\usr\bin;C:\Program Files\MATLAB\MATLAB Production Server\R2015a\bin;C:\Program Files\Microsoft SQL Server\Client SDK\ODBC\130\Tools\Binn\;C:\Program Files (x86)\Microsoft SQL Server\140\Tools\Binn\;C:\Program Files\Microsoft SQL Server\140\Tools\Binn\;C:\Program Files\Microsoft SQL Server\140\DTS\Binn\;C:\Program Files (x86)\Microsoft SQL Server\Client SDK\ODBC\130\Tools\Binn\;C:\Program Files (x86)\Microsoft SQL Server\140\DTS\Binn\;C:\Program Files (x86)\Microsoft SQL Server\140\Tools\Binn\ManagementStudio\;C:\Users\adrian\AppData\Local\Programs\Python\Python37\Scripts\;C:\Users\adrian\AppData\Local\Programs\Python\Python37\;C:\Users\adrian\AppData\Local\Microsoft\WindowsApps;C:\Users\adrian\AppData\Local\GitHubDesktop\bin;C:\Users\adrian\AppData\Local\Microsoft\WindowsApps;C:\Users\adrian\AppData\Local\atom\bin;C:\Program Files\Microsoft VS Code\bin
USERNAME=adrian
OS=Windows_NT
PROCESSOR_IDENTIFIER=Intel64 Family 6 Model 142 Stepping 9, GenuineIntel



---------------  S Y S T E M  ---------------

OS: Windows 10.0 , 64 bit Build 17134 (10.0.17134.1)

CPU:total 4 (initial active 4) (2 cores per cpu, 2 threads per core) family 6 model 142 stepping 9, cmov, cx8, fxsr, mmx, sse, sse2, sse3, ssse3, sse4.1, sse4.2, popcnt, avx, avx2, aes, clmul, erms, 3dnowpref, lzcnt, ht, tsc, tscinvbit, bmi1, bmi2, adx

Memory: 4k page, physical 8253668k(3428652k free), swap 9825172k(1714964k free)

vm_info: Java HotSpot(TM) 64-Bit Server VM (25.181-b13) for windows-amd64 JRE (1.8.0_181-b13), built on Jul  7 2018 04:01:33 by "java_re" with MS VC++ 10.0 (VS2010)

time: Sun Sep 23 00:00:46 2018
elapsed time: 4 seconds (0d 0h 0m 4s)

