#
# A fatal error has been detected by the Java Runtime Environment:
#
#  EXCEPTION_ACCESS_VIOLATION (0xc0000005) at pc=0x0000000056e4f857, pid=20248, tid=0x000000000000083c
#
# JRE version: Java(TM) SE Runtime Environment (8.0_181-b13) (build 1.8.0_181-b13)
# Java VM: Java HotSpot(TM) 64-Bit Server VM (25.181-b13 mixed mode windows-amd64 compressed oops)
# Problematic frame:
# V  [jvm.dll+0x14f857]
#
# Failed to write core dump. Minidumps are not enabled by default on client versions of Windows
#
# If you would like to submit a bug report, please visit:
#   http://bugreport.java.com/bugreport/crash.jsp
#

---------------  T H R E A D  ---------------

Current thread (0x000000001931c000):  JavaThread "Thread-2" [_thread_in_vm, id=2108, stack(0x000000001c270000,0x000000001c370000)]

siginfo: ExceptionCode=0xc0000005, reading address 0x0000000000000000

Registers:
RAX=0x0000000000000000, RBX=0x000000001931c000, RCX=0x0000000000000c00, RDX=0x000000001941d140
RSP=0x000000001c36f2b0, RBP=0x000000001c36f3a8, RSI=0x000000001941d140, RDI=0x000000001931c1f8
R8 =0x0000000000000000, R9 =0x000000005ba71ed3, R10=0x00000000574a6eb0, R11=0x0000000000000246
R12=0x000000001c36f460, R13=0x0000000000000800, R14=0x000000001c050094, R15=0x0000000000000006
RIP=0x0000000056e4f857, EFLAGS=0x0000000000010246

Top of Stack: (sp=0x000000001c36f2b0)
0x000000001c36f2b0:   000000001afe6200 000000001931c000
0x000000001c36f2c0:   00000000572e5700 0000000056e15bc9
0x000000001c36f2d0:   000000001931c000 0000000056e0d1c6
0x000000001c36f2e0:   00000001000662a0 0000000000000000
0x000000001c36f2f0:   0000000000000000 000000000000000e
0x000000001c36f300:   000000001931c000 000000001931c000
0x000000001c36f310:   0000000000000000 0000000000000005
0x000000001c36f320:   00000000d6c91a18 0000000000000000
0x000000001c36f330:   000000001931c000 0000000056e3f509
0x000000001c36f340:   00000000d6c91a18 00000001000662a0
0x000000001c36f350:   000000001931c1f8 000000001931c000
0x000000001c36f360:   000000001931c000 0000000000000006
0x000000001c36f370:   000000001931c1f8 00007ffeba694460
0x000000001c36f380:   00000000000001e4 00007ffeba672741
0x000000001c36f390:   00000000000001e4 00007ffeba694460
0x000000001c36f3a0:   0000000000000000 000000005ba71ed3 

Instructions: (pc=0x0000000056e4f857)
0x0000000056e4f837:   4c 24 58 e8 d1 e0 12 00 48 8b 84 24 f0 00 00 00
0x0000000056e4f847:   c7 44 24 48 0e 00 00 00 48 8d ac 24 f8 00 00 00
0x0000000056e4f857:   48 8b 08 48 89 6c 24 40 48 8b 51 08 48 8d 4c 24
0x0000000056e4f867:   78 0f b7 42 24 48 8b 52 08 48 8b 54 c2 50 e8 76 


Register to memory mapping:

RAX=0x0000000000000000 is an unknown value
RBX=0x000000001931c000 is a thread
RCX=0x0000000000000c00 is an unknown value
RDX=0x000000001941d140 is an unknown value
RSP=0x000000001c36f2b0 is pointing into the stack for thread: 0x000000001931c000
RBP=0x000000001c36f3a8 is pointing into the stack for thread: 0x000000001931c000
RSI=0x000000001941d140 is an unknown value
RDI=0x000000001931c1f8 is an unknown value
R8 =0x0000000000000000 is an unknown value
R9 =0x000000005ba71ed3 is an unknown value
R10=0x00000000574a6eb0 is an unknown value
R11=0x0000000000000246 is an unknown value
R12=0x000000001c36f460 is pointing into the stack for thread: 0x000000001931c000
R13=0x0000000000000800 is an unknown value
R14=0x000000001c050094 is an unknown value
R15=0x0000000000000006 is an unknown value


Stack: [0x000000001c270000,0x000000001c370000],  sp=0x000000001c36f2b0,  free space=1020k
Native frames: (J=compiled Java code, j=interpreted, Vv=VM code, C=native code)
V  [jvm.dll+0x14f857]
C  [Jpcap.dll+0x2741]
C  [Jpcap.dll+0x239e]
C  [wpcap.dll+0x23dd4]
C  [wpcap.dll+0x24c80]
C  [Jpcap.dll+0x1c9c]
C  0x00000000024f8c67

Java frames: (J=compiled Java code, j=interpreted, Vv=VM code)
j  jpcap.JpcapCaptor.processPacket(ILjpcap/PacketReceiver;)I+0
j  GUI.Ventanas.AnalizadorPaquetes$1.construct()Ljava/lang/Object;+39
j  CapturaPaquetes.jpcap_thread$2.run()V+8
j  java.lang.Thread.run()V+11
v  ~StubRoutines::call_stub

---------------  P R O C E S S  ---------------

Java Threads: ( => current thread )
=>0x000000001931c000 JavaThread "Thread-2" [_thread_in_vm, id=2108, stack(0x000000001c270000,0x000000001c370000)]
  0x00000000193c5800 JavaThread "TimerQueue" daemon [_thread_blocked, id=20452, stack(0x000000001c170000,0x000000001c270000)]
  0x00000000023de800 JavaThread "DestroyJavaVM" [_thread_blocked, id=6624, stack(0x00000000022d0000,0x00000000023d0000)]
  0x0000000018cfb800 JavaThread "AWT-EventQueue-0" [_thread_blocked, id=22332, stack(0x000000001ad90000,0x000000001ae90000)]
  0x0000000018cdb000 JavaThread "AWT-Windows" daemon [_thread_in_native, id=19120, stack(0x0000000019a70000,0x0000000019b70000)]
  0x0000000018cd8000 JavaThread "AWT-Shutdown" [_thread_blocked, id=8092, stack(0x0000000019970000,0x0000000019a70000)]
  0x00000000190b3000 JavaThread "Java2D Disposer" daemon [_thread_blocked, id=16380, stack(0x0000000019870000,0x0000000019970000)]
  0x000000001702d800 JavaThread "Service Thread" daemon [_thread_blocked, id=13940, stack(0x0000000018d30000,0x0000000018e30000)]
  0x0000000016fe1000 JavaThread "C1 CompilerThread2" daemon [_thread_blocked, id=20440, stack(0x0000000018830000,0x0000000018930000)]
  0x0000000016fd1800 JavaThread "C2 CompilerThread1" daemon [_thread_blocked, id=1712, stack(0x0000000018730000,0x0000000018830000)]
  0x0000000016fce800 JavaThread "C2 CompilerThread0" daemon [_thread_blocked, id=20912, stack(0x0000000018630000,0x0000000018730000)]
  0x0000000016fcc800 JavaThread "Attach Listener" daemon [_thread_blocked, id=6756, stack(0x0000000018530000,0x0000000018630000)]
  0x0000000016fcb000 JavaThread "Signal Dispatcher" daemon [_thread_blocked, id=17172, stack(0x0000000018430000,0x0000000018530000)]
  0x00000000024dc000 JavaThread "Finalizer" daemon [_thread_blocked, id=10392, stack(0x0000000018240000,0x0000000018340000)]
  0x00000000024d1000 JavaThread "Reference Handler" daemon [_thread_blocked, id=10444, stack(0x0000000018140000,0x0000000018240000)]

Other Threads:
  0x0000000016f98000 VMThread [stack: 0x0000000018040000,0x0000000018140000] [id=5696]
  0x000000001702e800 WatcherThread [stack: 0x0000000018e30000,0x0000000018f30000] [id=8860]

VM state:not at safepoint (normal execution)

VM Mutex/Monitor currently owned by a thread: None

Heap:
 PSYoungGen      total 37888K, used 14037K [0x00000000d6000000, 0x00000000d8a00000, 0x0000000100000000)
  eden space 32768K, 42% used [0x00000000d6000000,0x00000000d6db5770,0x00000000d8000000)
  from space 5120K, 0% used [0x00000000d8500000,0x00000000d8500000,0x00000000d8a00000)
  to   space 5120K, 0% used [0x00000000d8000000,0x00000000d8000000,0x00000000d8500000)
 ParOldGen       total 86016K, used 0K [0x0000000082000000, 0x0000000087400000, 0x00000000d6000000)
  object space 86016K, 0% used [0x0000000082000000,0x0000000082000000,0x0000000087400000)
 Metaspace       used 13329K, capacity 13566K, committed 13696K, reserved 1060864K
  class space    used 1795K, capacity 1875K, committed 1920K, reserved 1048576K

Card table byte_map: [0x00000000118a0000,0x0000000011ca0000] byte_map_base: 0x0000000011490000

Marking Bits: (ParMarkBitMap*) 0x0000000057522d00
 Begin Bits: [0x0000000012340000, 0x00000000142c0000)
 End Bits:   [0x00000000142c0000, 0x0000000016240000)

Polling page: 0x0000000000660000

CodeCache: size=245760Kb used=3311Kb max_used=3311Kb free=242448Kb
 bounds [0x00000000024e0000, 0x0000000002820000, 0x00000000114e0000]
 total_blobs=1480 nmethods=983 adapters=409
 compilation: enabled

Compilation events (10 events):
Event: 4.307 Thread 0x0000000016fe1000  979       3       java.nio.DirectLongBufferU::ix (10 bytes)
Event: 4.308 Thread 0x0000000016fe1000 nmethod 979 0x000000000281b210 code [0x000000000281b360, 0x000000000281b4d0]
Event: 4.310 Thread 0x0000000016fe1000  980       3       java.nio.Buffer::limit (62 bytes)
Event: 4.311 Thread 0x0000000016fe1000 nmethod 980 0x000000000281b550 code [0x000000000281b6c0, 0x000000000281b9c8]
Event: 4.311 Thread 0x0000000016fe1000  981       3       java.nio.ByteBuffer::arrayOffset (35 bytes)
Event: 4.312 Thread 0x0000000016fe1000 nmethod 981 0x000000000281ba90 code [0x000000000281bc20, 0x000000000281bf38]
Event: 4.334 Thread 0x0000000016fe1000  982       3       sun.nio.cs.UTF_8$Encoder::encode (359 bytes)
Event: 4.336 Thread 0x0000000016fe1000 nmethod 982 0x000000000281c090 code [0x000000000281c280, 0x000000000281cd98]
Event: 4.336 Thread 0x0000000016fe1000  983       1       java.security.ProtectionDomain::getCodeSource (5 bytes)
Event: 4.336 Thread 0x0000000016fe1000 nmethod 983 0x000000000281d410 code [0x000000000281d560, 0x000000000281d670]

GC Heap History (0 events):
No events

Deoptimization events (7 events):
Event: 0.374 Thread 0x00000000023de800 Uncommon trap: reason=null_check action=make_not_entrant pc=0x0000000002650294 method=java.lang.String.equals(Ljava/lang/Object;)Z @ 8
Event: 1.895 Thread 0x0000000018cfb800 Uncommon trap: reason=class_check action=maybe_recompile pc=0x000000000266a420 method=java.lang.String.equals(Ljava/lang/Object;)Z @ 8
Event: 1.896 Thread 0x0000000018cfb800 Uncommon trap: reason=class_check action=maybe_recompile pc=0x000000000266a420 method=java.lang.String.equals(Ljava/lang/Object;)Z @ 8
Event: 1.896 Thread 0x0000000018cfb800 Uncommon trap: reason=class_check action=maybe_recompile pc=0x000000000266a420 method=java.lang.String.equals(Ljava/lang/Object;)Z @ 8
Event: 1.899 Thread 0x0000000018cfb800 Uncommon trap: reason=class_check action=maybe_recompile pc=0x000000000266a420 method=java.lang.String.equals(Ljava/lang/Object;)Z @ 8
Event: 2.160 Thread 0x0000000018cfb800 Uncommon trap: reason=unstable_if action=reinterpret pc=0x00000000026dce7c method=java.awt.MultipleGradientPaintContext.indexIntoGradientsArrays(F)I @ 93
Event: 2.178 Thread 0x0000000018cfb800 Uncommon trap: reason=unstable_if action=reinterpret pc=0x00000000027876ec method=java.awt.MultipleGradientPaintContext.indexIntoGradientsArrays(F)I @ 13

Classes redefined (0 events):
No events

Internal exceptions (10 events):
Event: 0.529 Thread 0x00000000023de800 Exception <a 'java/lang/ClassNotFoundException': ToggleButton> (0x00000000d6410858) thrown at [C:\re\workspace\8-2-build-windows-amd64-cygwin\jdk8u181\11358\hotspot\src\share\vm\classfile\systemDictionary.cpp, line 210]
Event: 0.529 Thread 0x00000000023de800 Exception <a 'java/lang/ClassNotFoundException': javax/swing/JToolBarSeparator> (0x00000000d6410cb8) thrown at [C:\re\workspace\8-2-build-windows-amd64-cygwin\jdk8u181\11358\hotspot\src\share\vm\classfile\systemDictionary.cpp, line 210]
Event: 0.529 Thread 0x00000000023de800 Exception <a 'java/lang/ClassNotFoundException': ToolBarSeparator> (0x00000000d6411150) thrown at [C:\re\workspace\8-2-build-windows-amd64-cygwin\jdk8u181\11358\hotspot\src\share\vm\classfile\systemDictionary.cpp, line 210]
Event: 0.529 Thread 0x00000000023de800 Exception <a 'java/lang/ClassNotFoundException': ToolTip> (0x00000000d6411890) thrown at [C:\re\workspace\8-2-build-windows-amd64-cygwin\jdk8u181\11358\hotspot\src\share\vm\classfile\systemDictionary.cpp, line 210]
Event: 0.531 Thread 0x00000000023de800 Exception <a 'java/lang/ClassNotFoundException': Tree> (0x00000000d64124b0) thrown at [C:\re\workspace\8-2-build-windows-amd64-cygwin\jdk8u181\11358\hotspot\src\share\vm\classfile\systemDictionary.cpp, line 210]
Event: 0.531 Thread 0x00000000023de800 Exception <a 'java/lang/ClassNotFoundException': Tree> (0x00000000d6412bf0) thrown at [C:\re\workspace\8-2-build-windows-amd64-cygwin\jdk8u181\11358\hotspot\src\share\vm\classfile\systemDictionary.cpp, line 210]
Event: 0.531 Thread 0x00000000023de800 Exception <a 'java/lang/ClassNotFoundException': javax/swing/JTreeCell> (0x00000000d6412f70) thrown at [C:\re\workspace\8-2-build-windows-amd64-cygwin\jdk8u181\11358\hotspot\src\share\vm\classfile\systemDictionary.cpp, line 210]
Event: 0.531 Thread 0x00000000023de800 Exception <a 'java/lang/ClassNotFoundException': TreeCell> (0x00000000d64133f8) thrown at [C:\re\workspace\8-2-build-windows-amd64-cygwin\jdk8u181\11358\hotspot\src\share\vm\classfile\systemDictionary.cpp, line 210]
Event: 0.531 Thread 0x00000000023de800 Exception <a 'java/lang/ClassNotFoundException': RootPane> (0x00000000d6413e58) thrown at [C:\re\workspace\8-2-build-windows-amd64-cygwin\jdk8u181\11358\hotspot\src\share\vm\classfile\systemDictionary.cpp, line 210]
Event: 4.308 Thread 0x000000001931c000 Exception <a 'java/lang/NoSuchMethodError': setPacketValue> (0x00000000d6c8cc88) thrown at [C:\re\workspace\8-2-build-windows-amd64-cygwin\jdk8u181\11358\hotspot\src\share\vm\prims\jni.cpp, line 1581]

Events (10 events):
Event: 4.306 loading class jpcap/packet/IPv6Option
Event: 4.306 loading class jpcap/packet/IPv6Option done
Event: 4.307 loading class jpcap/packet/ARPPacket
Event: 4.307 loading class jpcap/packet/ARPPacket done
Event: 4.309 loading class java/lang/Throwable$WrappedPrintStream
Event: 4.309 loading class java/lang/Throwable$PrintStreamOrWriter
Event: 4.309 loading class java/lang/Throwable$PrintStreamOrWriter done
Event: 4.309 loading class java/lang/Throwable$WrappedPrintStream done
Event: 4.334 loading class CapturaPaquetes/PacketContents
Event: 4.334 loading class CapturaPaquetes/PacketContents done


Dynamic libraries:
0x00007ff7d1870000 - 0x00007ff7d18a7000 	C:\Program Files\Java\jdk1.8.0_181\bin\java.exe
0x00007ffed0810000 - 0x00007ffed09f1000 	C:\WINDOWS\SYSTEM32\ntdll.dll
0x00007ffecf6b0000 - 0x00007ffecf762000 	C:\WINDOWS\System32\KERNEL32.DLL
0x00007ffecd6f0000 - 0x00007ffecd963000 	C:\WINDOWS\System32\KERNELBASE.dll
0x00007ffecdca0000 - 0x00007ffecdd41000 	C:\WINDOWS\System32\ADVAPI32.dll
0x00007ffece1d0000 - 0x00007ffece26e000 	C:\WINDOWS\System32\msvcrt.dll
0x00007ffece170000 - 0x00007ffece1cb000 	C:\WINDOWS\System32\sechost.dll
0x00007ffece040000 - 0x00007ffece164000 	C:\WINDOWS\System32\RPCRT4.dll
0x00007ffed05a0000 - 0x00007ffed0730000 	C:\WINDOWS\System32\USER32.dll
0x00007ffeccbe0000 - 0x00007ffeccc00000 	C:\WINDOWS\System32\win32u.dll
0x00007ffecde70000 - 0x00007ffecde98000 	C:\WINDOWS\System32\GDI32.dll
0x00007ffecd360000 - 0x00007ffecd4f2000 	C:\WINDOWS\System32\gdi32full.dll
0x00007ffecda70000 - 0x00007ffecdb0f000 	C:\WINDOWS\System32\msvcp_win.dll
0x00007ffecd970000 - 0x00007ffecda6a000 	C:\WINDOWS\System32\ucrtbase.dll
0x00007ffeac490000 - 0x00007ffeac6f9000 	C:\WINDOWS\WinSxS\amd64_microsoft.windows.common-controls_6595b64144ccf1df_6.0.17134.286_none_fb43982d306480cc\COMCTL32.dll
0x00007ffecfb90000 - 0x00007ffecfeb3000 	C:\WINDOWS\System32\combase.dll
0x00007ffecdb70000 - 0x00007ffecdbea000 	C:\WINDOWS\System32\bcryptPrimitives.dll
0x00007ffed07b0000 - 0x00007ffed07dd000 	C:\WINDOWS\System32\IMM32.DLL
0x0000000058460000 - 0x0000000058532000 	C:\Program Files\Java\jdk1.8.0_181\jre\bin\msvcr100.dll
0x0000000056d00000 - 0x00000000575a2000 	C:\Program Files\Java\jdk1.8.0_181\jre\bin\server\jvm.dll
0x00007ffecdd70000 - 0x00007ffecdd78000 	C:\WINDOWS\System32\PSAPI.DLL
0x00007ffeb7aa0000 - 0x00007ffeb7aa9000 	C:\WINDOWS\SYSTEM32\WSOCK32.dll
0x00007ffed0730000 - 0x00007ffed079c000 	C:\WINDOWS\System32\WS2_32.dll
0x00007ffec8890000 - 0x00007ffec88b3000 	C:\WINDOWS\SYSTEM32\WINMM.dll
0x00007ffec33a0000 - 0x00007ffec33aa000 	C:\WINDOWS\SYSTEM32\VERSION.dll
0x00007ffec8860000 - 0x00007ffec888a000 	C:\WINDOWS\SYSTEM32\WINMMBASE.dll
0x00007ffecd310000 - 0x00007ffecd359000 	C:\WINDOWS\System32\cfgmgr32.dll
0x0000000058410000 - 0x000000005841f000 	C:\Program Files\Java\jdk1.8.0_181\jre\bin\verify.dll
0x00000000583e0000 - 0x0000000058409000 	C:\Program Files\Java\jdk1.8.0_181\jre\bin\java.dll
0x00000000583c0000 - 0x00000000583d6000 	C:\Program Files\Java\jdk1.8.0_181\jre\bin\zip.dll
0x00007ffece270000 - 0x00007ffecf6b0000 	C:\WINDOWS\System32\SHELL32.dll
0x00007ffecf7d0000 - 0x00007ffecf879000 	C:\WINDOWS\System32\shcore.dll
0x00007ffeccc00000 - 0x00007ffecd30d000 	C:\WINDOWS\System32\windows.storage.dll
0x00007ffecfab0000 - 0x00007ffecfb01000 	C:\WINDOWS\System32\shlwapi.dll
0x00007ffeccbc0000 - 0x00007ffeccbd1000 	C:\WINDOWS\System32\kernel.appcore.dll
0x00007ffeccb30000 - 0x00007ffeccb4f000 	C:\WINDOWS\System32\profapi.dll
0x00007ffeccb50000 - 0x00007ffeccb9c000 	C:\WINDOWS\System32\powrprof.dll
0x00007ffeccb20000 - 0x00007ffeccb2a000 	C:\WINDOWS\System32\FLTLIB.DLL
0x0000000056b60000 - 0x0000000056cf9000 	C:\Program Files\Java\jdk1.8.0_181\jre\bin\awt.dll
0x00007ffed04d0000 - 0x00007ffed0592000 	C:\WINDOWS\System32\OLEAUT32.dll
0x00007ffec8300000 - 0x00007ffec838b000 	C:\WINDOWS\SYSTEM32\apphelp.dll
0x00007ffecac90000 - 0x00007ffecad28000 	C:\WINDOWS\system32\uxtheme.dll
0x00007ffecf880000 - 0x00007ffecf9f5000 	C:\WINDOWS\System32\MSCTF.dll
0x00007ffecaee0000 - 0x00007ffecaf09000 	C:\WINDOWS\system32\dwmapi.dll
0x00007ffecfec0000 - 0x00007ffed0011000 	C:\WINDOWS\System32\ole32.dll
0x0000000058330000 - 0x0000000058377000 	C:\Program Files\Java\jdk1.8.0_181\jre\bin\fontmanager.dll
0x00007ffebaad0000 - 0x00007ffebabf0000 	C:\WINDOWS\system32\opengl32.dll
0x00007ffec84e0000 - 0x00007ffec850c000 	C:\WINDOWS\SYSTEM32\GLU32.dll
0x00000000583a0000 - 0x00000000583ba000 	C:\Program Files\Java\jdk1.8.0_181\jre\bin\net.dll
0x00007ffecc340000 - 0x00007ffecc3a6000 	C:\WINDOWS\system32\mswsock.dll
0x0000000058380000 - 0x0000000058391000 	C:\Program Files\Java\jdk1.8.0_181\jre\bin\nio.dll
0x0000000057cc0000 - 0x0000000057d02000 	C:\Program Files\Java\jdk1.8.0_181\jre\bin\t2k.dll
0x00007ffeba810000 - 0x00007ffeba8a7000 	C:\WINDOWS\System32\TextInputFramework.dll
0x00007ffec5260000 - 0x00007ffec557e000 	C:\WINDOWS\System32\CoreUIComponents.dll
0x00007ffec7980000 - 0x00007ffec7a5a000 	C:\WINDOWS\System32\CoreMessaging.dll
0x00007ffecbc10000 - 0x00007ffecbc41000 	C:\WINDOWS\SYSTEM32\ntmarta.dll
0x00007ffec98a0000 - 0x00007ffec99ed000 	C:\WINDOWS\SYSTEM32\wintypes.dll
0x00000000582f0000 - 0x000000005831a000 	C:\Program Files\Java\jdk1.8.0_181\jre\bin\dcpr.dll
0x00007ffeba670000 - 0x00007ffeba6a9000 	C:\Program Files\Java\jdk1.8.0_181\jre\bin\Jpcap.dll
0x0000000180000000 - 0x0000000180065000 	C:\WINDOWS\SYSTEM32\wpcap.dll
0x00007ffecc0c0000 - 0x00007ffecc0f8000 	C:\WINDOWS\SYSTEM32\IPHLPAPI.DLL
0x000000001bfd0000 - 0x000000001bfef000 	C:\WINDOWS\SYSTEM32\packet.dll
0x00007ffecfa00000 - 0x00007ffecfa08000 	C:\WINDOWS\System32\NSI.dll
0x00007ffec5190000 - 0x00007ffec51a6000 	C:\WINDOWS\SYSTEM32\dhcpcsvc6.DLL
0x00007ffec6110000 - 0x00007ffec612a000 	C:\WINDOWS\SYSTEM32\dhcpcsvc.DLL
0x00007ffecb530000 - 0x00007ffecb6f9000 	C:\WINDOWS\SYSTEM32\dbghelp.dll

VM Arguments:
jvm_args: -Dfile.encoding=UTF-8 
java_command: GUI.Ventanas.Inicio
java_class_path (initial): D:\Adrian\Dropbox\Asignaturas\Comunicaciones y redes\Proyecto 1\Proyecto1\libraries\trident-6.3.jar;D:\Adrian\Dropbox\Asignaturas\Comunicaciones y redes\Proyecto 1\Proyecto1\libraries\jacob.jar;D:\Adrian\Dropbox\Asignaturas\Comunicaciones y redes\Proyecto 1\Proyecto1\libraries\jpcap.jar;D:\Adrian\Dropbox\Asignaturas\Comunicaciones y redes\Proyecto 1\Proyecto1\build\classes
Launcher Type: SUN_STANDARD

Environment Variables:
PATH=C:\Program Files (x86)\Common Files\Oracle\Java\javapath;C:\gurobi801\win64\bin;C:\oraclexe\app\oracle\product\11.2.0\server\bin;C:\ProgramData\Oracle\Java\javapath;C:\Program Files (x86)\Intel\iCLS Client\;C:\Program Files\Intel\iCLS Client\;C:\WINDOWS\system32;C:\WINDOWS;C:\WINDOWS\System32\Wbem;C:\WINDOWS\System32\WindowsPowerShell\v1.0\;C:\Program Files (x86)\Intel\Intel(R) Management Engine Components\DAL;C:\Program Files\Intel\Intel(R) Management Engine Components\DAL;C:\Program Files (x86)\Intel\Intel(R) Management Engine Components\IPT;C:\Program Files\Intel\Intel(R) Management Engine Components\IPT;C:\Program Files (x86)\CodeBlocks\MinGW\bin;C:\WINDOWS\System32\OpenSSH\;C:\Program Files\Git\cmd;C:\Program Files\Git\mingw64\bin;C:\Program Files\Git\usr\bin;C:\Program Files\MATLAB\MATLAB Production Server\R2015a\bin;C:\Program Files\Microsoft SQL Server\Client SDK\ODBC\130\Tools\Binn\;C:\Program Files (x86)\Microsoft SQL Server\140\Tools\Binn\;C:\Program Files\Microsoft SQL Server\140\Tools\Binn\;C:\Program Files\Microsoft SQL Server\140\DTS\Binn\;C:\Program Files (x86)\Microsoft SQL Server\Client SDK\ODBC\130\Tools\Binn\;C:\Program Files (x86)\Microsoft SQL Server\140\DTS\Binn\;C:\Program Files (x86)\Microsoft SQL Server\140\Tools\Binn\ManagementStudio\;C:\Users\adrian\AppData\Local\Programs\Python\Python37\Scripts\;C:\Users\adrian\AppData\Local\Programs\Python\Python37\;C:\Users\adrian\AppData\Local\Microsoft\WindowsApps;C:\Users\adrian\AppData\Local\GitHubDesktop\bin;C:\Users\adrian\AppData\Local\Microsoft\WindowsApps;C:\Users\adrian\AppData\Local\atom\bin;C:\Program Files\Microsoft VS Code\bin
USERNAME=adrian
OS=Windows_NT
PROCESSOR_IDENTIFIER=Intel64 Family 6 Model 142 Stepping 9, GenuineIntel



---------------  S Y S T E M  ---------------

OS: Windows 10.0 , 64 bit Build 17134 (10.0.17134.1)

CPU:total 4 (initial active 4) (2 cores per cpu, 2 threads per core) family 6 model 142 stepping 9, cmov, cx8, fxsr, mmx, sse, sse2, sse3, ssse3, sse4.1, sse4.2, popcnt, avx, avx2, aes, clmul, erms, 3dnowpref, lzcnt, ht, tsc, tscinvbit, bmi1, bmi2, adx

Memory: 4k page, physical 8253668k(3511304k free), swap 9825172k(1696296k free)

vm_info: Java HotSpot(TM) 64-Bit Server VM (25.181-b13) for windows-amd64 JRE (1.8.0_181-b13), built on Jul  7 2018 04:01:33 by "java_re" with MS VC++ 10.0 (VS2010)

time: Sun Sep 23 00:04:19 2018
elapsed time: 4 seconds (0d 0h 0m 4s)

